schema=p5.2b-d4b-runtime-evidence/v4
authorization=NOT-GRANTED
realization-checkpoint=002d1ef05bab80162f6807a5cd31b98d209baa7c
validator-checkpoint=cdd4bd489313f36c325ea0841ad7586b6d152904
failed-validator-checkpoint=99dfdeff36443aad4627fb6bb87dd6c42dcb2e87
failed-validator-runtime-sha256=55cab0aa14d6c4a2854f1f38925b0b6fd1fae9ab34e92e51bd208bc549204099
failed-validator-runtime-size=57955
fixture-failed-validator-checkpoint=bf8040dfc3ec4438c2f229de60978792ffe0a493
fixture-failed-validator-runtime-sha256=d4cc2ee06d572a6ac0df58d5cf0171277314f7cbb8f738df9314658e210101c2
fixture-failed-validator-runtime-size=61745
validator=/home/skydive420dz/Projects/guix-dotfiles/tests/guix-system-pruning-d4b-runtime-check
validator-sha256=dca63d3d1ab1d9a87e41d0fd8cc4990f1ac8db7c4f3a693f9e587826e9663dfe
validator-size=68082
realization-result=/tmp/p52b-d4b-realization-evidence.002d1ef05bab80162f6807a5cd31b98d209baa7c/realization-result.tsv
realization-result-sha256=02506b54d887da9e2c10a94a62a2527f3a1b128380c628f3efa2efeb2e445fd3
realization-result-size=914
realization-state=REALIZED
derivation=/gnu/store/3ky2sgbkg10amsvfx5as4m2w76szkr6a-system-pruning-loaded.scm.drv
program=/gnu/store/17i7zdd5lhncw5v97cfkxbg4zdvpw5jb-system-pruning-loaded.scm
program-sha256=95b84e29853a2327bffab857383cf78a30ab41b965144fd298edc384335b9d70
program-size=956987
preflight-snapshot=6a2c9073ff890df220dd619b373ef7e5e428c2a1ddc20de8f4692f3bb3025bd7
store-additions=3
source-archive=3e4d19bfa73d9d5a9764ed47daf1b5fe831997bcd2c5561abb60fb73160865bb:5601280
source-regular-files=321
source-metadata-sha256=fb600b40fc303c3f3eb5e39de49cd6f472610906652fa127c6cfa94051129912
source-file-identities-sha256=94f749065f792800eab4347841276e0ac3b192649999e233c00415c9c994c5b4
production-suites=6
renderer-suite=SOURCE-GATE
d4a-actions=5
loader-modes=4
validator-loader=/home/skydive420dz/Projects/guix-dotfiles/tests/guix-system-pruning-fused-loader-behavior-check.scm
validator-loader-checkpoint=cdd4bd489313f36c325ea0841ad7586b6d152904
validator-loader-sha256=6591f0292d02ae98d8267ce038a44efbe9e10f61e948e8d508f54dd554cfa030
validator-loader-size=18049
failed-runtime-stdout=/tmp/p52b-d4b-realization-evidence.002d1ef05bab80162f6807a5cd31b98d209baa7c/runtime.stdout
failed-runtime-stdout-sha256=e3b0c44298fc1c149afbf4c8996fb92427ae41e4649b934ca495991b7852b855
failed-runtime-stdout-size=0
failed-runtime-stderr=/tmp/p52b-d4b-realization-evidence.002d1ef05bab80162f6807a5cd31b98d209baa7c/runtime.stderr
failed-runtime-stderr-sha256=ea0799970363414fa8c9c5a0d32a2cb6b6125e620abd81f2b926795f26c8864d
failed-runtime-stderr-size=222
failed-recovery-stdout=/tmp/p52b-d4b-realization-evidence.002d1ef05bab80162f6807a5cd31b98d209baa7c/runtime-recovery.stdout
failed-recovery-stdout-sha256=e3b0c44298fc1c149afbf4c8996fb92427ae41e4649b934ca495991b7852b855
failed-recovery-stdout-size=0
failed-recovery-stderr=/tmp/p52b-d4b-realization-evidence.002d1ef05bab80162f6807a5cd31b98d209baa7c/runtime-recovery.stderr
failed-recovery-stderr-sha256=a29ff114427bca8a4d1bb786a3b77cec9d592b3da2cb37c3d0efbf9f47a670b5
failed-recovery-stderr-size=129
failed-recovery-2-stdout=/tmp/p52b-d4b-realization-evidence.002d1ef05bab80162f6807a5cd31b98d209baa7c/runtime-recovery-2.stdout
failed-recovery-2-stdout-sha256=e3b0c44298fc1c149afbf4c8996fb92427ae41e4649b934ca495991b7852b855
failed-recovery-2-stdout-size=0
failed-recovery-2-stderr=/tmp/p52b-d4b-realization-evidence.002d1ef05bab80162f6807a5cd31b98d209baa7c/runtime-recovery-2.stderr
failed-recovery-2-stderr-sha256=fab5d2d47758443c8714f5e5f47cf21158f58dc903675060d11ed6def6462c74
failed-recovery-2-stderr-size=115
failed-runtime-attempts=3
nested-loader-stderr-sites=11
nested-loader-stderr=EMPTY
recovery=GC-QUIESCENT-EXACT-PREFIX-LOAD
artifact-forward=54
artifact-rollback=44
artifact-total=98
original-wrapper-regression=NOT-RUN
lowering=NOT-RUN
realization=NOT-RUN
mode=FIXTURE-ONLY
live-action=NOT-GRANTED
guix-system-pruning-d4b-runtime-check: PASS
schema=p5.2b-d4b-checkout-independence/v1
authorization=NOT-GRANTED
checkpoint=002d1ef05bab80162f6807a5cd31b98d209baa7c
realization-result=/tmp/p52b-d4b-realization-evidence.002d1ef05bab80162f6807a5cd31b98d209baa7c/realization-result.tsv
realization-result-sha256=02506b54d887da9e2c10a94a62a2527f3a1b128380c628f3efa2efeb2e445fd3
realization-result-size=914
program=/gnu/store/17i7zdd5lhncw5v97cfkxbg4zdvpw5jb-system-pruning-loaded.scm
program-sha256=95b84e29853a2327bffab857383cf78a30ab41b965144fd298edc384335b9d70
program-size=956987
checkout=RENAMED-AND-RESTORED
mode=FIXTURE-ONLY
guix-system-pruning-d4b-checkout-independence: PASS
